  FMTaction.cpp
  FMTactionparser.cpp
  FMTactualdevelopment.cpp
  FMTareaparser.cpp
c:\mrnmicro\applic\cbc-2.10.2\osi\src\osi\osisolverinterface.hpp(967): warning C4309: 'static_cast' : troncation de valeur de constante
c:\mrnmicro\applic\cbc-2.10.2\osi\src\osi\osisolverinterface.hpp(983): warning C4309: 'static_cast' : troncation de valeur de constante
c:\mrnmicro\applic\cbc-2.10.2\osi\src\osi\osisolverinterface.hpp(1028): warning C4309: 'static_cast' : troncation de valeur de constante
  FMTconstantparser.cpp
  FMTconstants.cpp
  FMTconstraint.cpp
  FMTcut.cpp
  FMTdebugexceptionhandler.cpp
  FMTdefaultexceptionhandler.cpp
  FMTdevelopment.cpp
  FMTdevelopmentpath.cpp
  FMTdisturbancestack.cpp
  FMTedgeproperties.cpp
  FMTerror.cpp
  FMTevent.cpp
c:\users\cyrgu3\source\repos\fmt\fmt\fmtevent.cpp(87): warning C4267: 'argument' : conversion de 'size_t' en 'unsigned int', perte possible de données
  FMTexceptionhandler.cpp
c:\users\cyrgu3\source\repos\fmt\fmt\fmtexceptionhandler.cpp(461): warning C4101: 'tcexception' : variable locale non référencée
  FMTforest.cpp
  FMTfork.cpp
  FMTfreeexceptionhandler.cpp
  Compilation en cours...
  FMTfuturdevelopment.cpp
  FMTgraph.cpp
c:\mrnmicro\applic\cbc-2.10.2\osi\src\osi\osisolverinterface.hpp(967): warning C4309: 'static_cast' : troncation de valeur de constante
c:\mrnmicro\applic\cbc-2.10.2\osi\src\osi\osisolverinterface.hpp(983): warning C4309: 'static_cast' : troncation de valeur de constante
c:\mrnmicro\applic\cbc-2.10.2\osi\src\osi\osisolverinterface.hpp(1028): warning C4309: 'static_cast' : troncation de valeur de constante
  FMTgraphdescription.cpp
  FMTgraphstats.cpp
c:\mrnmicro\applic\cbc-2.10.2\osi\src\osi\osisolverinterface.hpp(967): warning C4309: 'static_cast' : troncation de valeur de constante
c:\mrnmicro\applic\cbc-2.10.2\osi\src\osi\osisolverinterface.hpp(983): warning C4309: 'static_cast' : troncation de valeur de constante
c:\mrnmicro\applic\cbc-2.10.2\osi\src\osi\osisolverinterface.hpp(1028): warning C4309: 'static_cast' : troncation de valeur de constante
c:\users\cyrgu3\source\repos\fmt\fmt\fmtgraphstats.cpp(34): warning C4267: 'initialisation' : conversion de 'size_t' en 'int', perte possible de données
  FMTlandscapeparser.cpp
  FMTlayer.cpp
  FMTlifespanparser.cpp
  FMTlifespans.cpp
  FMTlinegraph.cpp
c:\mrnmicro\applic\cbc-2.10.2\osi\src\osi\osisolverinterface.hpp(967): warning C4309: 'static_cast' : troncation de valeur de constante
c:\mrnmicro\applic\cbc-2.10.2\osi\src\osi\osisolverinterface.hpp(983): warning C4309: 'static_cast' : troncation de valeur de constante
c:\mrnmicro\applic\cbc-2.10.2\osi\src\osi\osisolverinterface.hpp(1028): warning C4309: 'static_cast' : troncation de valeur de constante
  FMTlist.cpp
  FMTlpmodel.cpp
c:\mrnmicro\applic\cbc-2.10.2\osi\src\osi\osisolverinterface.hpp(967): warning C4309: 'static_cast' : troncation de valeur de constante
c:\mrnmicro\applic\cbc-2.10.2\osi\src\osi\osisolverinterface.hpp(983): warning C4309: 'static_cast' : troncation de valeur de constante
c:\mrnmicro\applic\cbc-2.10.2\osi\src\osi\osisolverinterface.hpp(1028): warning C4309: 'static_cast' : troncation de valeur de constante
c:\mrnmicro\applic\cbc-2.10.2\clp\src\osiclp\osiclpsolverinterface.hpp(395): warning C4309: 'static_cast' : troncation de valeur de constante
c:\mrnmicro\applic\cbc-2.10.2\clp\src\osiclp\osiclpsolverinterface.hpp(400): warning C4309: 'static_cast' : troncation de valeur de constante
  FMTlpsolver.cpp
c:\mrnmicro\applic\cbc-2.10.2\osi\src\osi\osisolverinterface.hpp(967): warning C4309: 'static_cast' : troncation de valeur de constante
c:\mrnmicro\applic\cbc-2.10.2\osi\src\osi\osisolverinterface.hpp(983): warning C4309: 'static_cast' : troncation de valeur de constante
c:\mrnmicro\applic\cbc-2.10.2\osi\src\osi\osisolverinterface.hpp(1028): warning C4309: 'static_cast' : troncation de valeur de constante
c:\mrnmicro\applic\cbc-2.10.2\clp\src\osiclp\osiclpsolverinterface.hpp(395): warning C4309: 'static_cast' : troncation de valeur de constante
c:\mrnmicro\applic\cbc-2.10.2\clp\src\osiclp\osiclpsolverinterface.hpp(400): warning C4309: 'static_cast' : troncation de valeur de constante
  FMTmask.cpp
  FMTmaskfilter.cpp
  FMTmatrixbuild.cpp
c:\mrnmicro\applic\cbc-2.10.2\osi\src\osi\osisolverinterface.hpp(967): warning C4309: 'static_cast' : troncation de valeur de constante
c:\mrnmicro\applic\cbc-2.10.2\osi\src\osi\osisolverinterface.hpp(983): warning C4309: 'static_cast' : troncation de valeur de constante
c:\mrnmicro\applic\cbc-2.10.2\osi\src\osi\osisolverinterface.hpp(1028): warning C4309: 'static_cast' : troncation de valeur de constante
  FMTmodel.cpp
c:\mrnmicro\applic\cbc-2.10.2\osi\src\osi\osisolverinterface.hpp(967): warning C4309: 'static_cast' : troncation de valeur de constante
c:\mrnmicro\applic\cbc-2.10.2\osi\src\osi\osisolverinterface.hpp(983): warning C4309: 'static_cast' : troncation de valeur de constante
c:\mrnmicro\applic\cbc-2.10.2\osi\src\osi\osisolverinterface.hpp(1028): warning C4309: 'static_cast' : troncation de valeur de constante
  FMTmodelparser.cpp
c:\mrnmicro\applic\cbc-2.10.2\osi\src\osi\osisolverinterface.hpp(967): warning C4309: 'static_cast' : troncation de valeur de constante
c:\mrnmicro\applic\cbc-2.10.2\osi\src\osi\osisolverinterface.hpp(983): warning C4309: 'static_cast' : troncation de valeur de constante
c:\mrnmicro\applic\cbc-2.10.2\osi\src\osi\osisolverinterface.hpp(1028): warning C4309: 'static_cast' : troncation de valeur de constante
  FMTnssmodel.cpp
c:\mrnmicro\applic\cbc-2.10.2\osi\src\osi\osisolverinterface.hpp(967): warning C4309: 'static_cast' : troncation de valeur de constante
c:\mrnmicro\applic\cbc-2.10.2\osi\src\osi\osisolverinterface.hpp(983): warning C4309: 'static_cast' : troncation de valeur de constante
c:\mrnmicro\applic\cbc-2.10.2\osi\src\osi\osisolverinterface.hpp(1028): warning C4309: 'static_cast' : troncation de valeur de constante
  FMTobject.cpp
c:\users\cyrgu3\source\repos\fmt\fmt\fmtobject.cpp(40): warning C4244: 'argument' : conversion de 'unsigned __int64' en 'DWORD', perte possible de données
  FMToperatingarea.cpp
c:\mrnmicro\applic\cbc-2.10.2\osi\src\osi\osisolverinterface.hpp(967): warning C4309: 'static_cast' : troncation de valeur de constante
c:\mrnmicro\applic\cbc-2.10.2\osi\src\osi\osisolverinterface.hpp(983): warning C4309: 'static_cast' : troncation de valeur de constante
c:\mrnmicro\applic\cbc-2.10.2\osi\src\osi\osisolverinterface.hpp(1028): warning C4309: 'static_cast' : troncation de valeur de constante
c:\users\cyrgu3\source\repos\fmt\fmt\fmtoperatingarea.cpp(162): warning C4267: 'argument' : conversion de 'size_t' en 'const int', perte possible de données
c:\users\cyrgu3\source\repos\fmt\fmt\fmtoperatingarea.cpp(164): warning C4267: 'argument' : conversion de 'size_t' en 'const int', perte possible de données
c:\users\cyrgu3\source\repos\fmt\fmt\fmtoperatingarea.cpp(166): warning C4267: 'argument' : conversion de 'size_t' en 'const int', perte possible de données
c:\users\cyrgu3\source\repos\fmt\fmt\fmtoperatingarea.cpp(184): warning C4267: 'argument' : conversion de 'size_t' en 'const int', perte possible de données
c:\users\cyrgu3\source\repos\fmt\fmt\fmtoperatingarea.cpp(186): warning C4267: 'argument' : conversion de 'size_t' en 'const int', perte possible de données
  Compilation en cours...
  FMToperatingareaheuristic.cpp
c:\mrnmicro\applic\cbc-2.10.2\osi\src\osi\osisolverinterface.hpp(967): warning C4309: 'static_cast' : troncation de valeur de constante
c:\mrnmicro\applic\cbc-2.10.2\osi\src\osi\osisolverinterface.hpp(983): warning C4309: 'static_cast' : troncation de valeur de constante
c:\mrnmicro\applic\cbc-2.10.2\osi\src\osi\osisolverinterface.hpp(1028): warning C4309: 'static_cast' : troncation de valeur de constante
c:\mrnmicro\applic\cbc-2.10.2\clp\src\osiclp\osiclpsolverinterface.hpp(395): warning C4309: 'static_cast' : troncation de valeur de constante
c:\mrnmicro\applic\cbc-2.10.2\clp\src\osiclp\osiclpsolverinterface.hpp(400): warning C4309: 'static_cast' : troncation de valeur de constante
c:\users\cyrgu3\source\repos\fmt\fmt\fmtoperatingareaheuristic.cpp(229): warning C4244: 'argument' : conversion de '__int64' en '_Ty', perte possible de données
          with
          [
              _Ty=CoinBigIndex
          ]
c:\users\cyrgu3\source\repos\fmt\fmt\fmtoperatingareaheuristic.cpp(239): warning C4267: 'initialisation' : conversion de 'size_t' en 'int', perte possible de données
c:\users\cyrgu3\source\repos\fmt\fmt\fmtoperatingareaheuristic.cpp(369): warning C4267: 'argument' : conversion de 'size_t' en 'int', perte possible de données
c:\users\cyrgu3\source\repos\fmt\fmt\fmtoperatingareaheuristic.cpp(373): warning C4267: 'argument' : conversion de 'size_t' en 'int', perte possible de données
c:\users\cyrgu3\source\repos\fmt\fmt\fmtoperatingareaheuristic.cpp(557): warning C4267: 'argument' : conversion de 'size_t' en 'unsigned int', perte possible de données
c:\users\cyrgu3\source\repos\fmt\fmt\fmtoperatingareaheuristic.cpp(588): warning C4267: 'argument' : conversion de 'size_t' en 'unsigned int', perte possible de données
  FMToptimizationparser.cpp
  FMToutput.cpp
  FMToutputnode.cpp
  FMToutputnodecache.cpp
  FMToutputparser.cpp
  FMToutputsource.cpp
  FMTparser.cpp
  FMTquietexceptionhandler.cpp
  FMTsaevent.cpp
c:\users\cyrgu3\source\repos\fmt\fmt\fmtsaevent.cpp(134): warning C4244: 'initialisation' : conversion de '__int64' en 'int', perte possible de données
c:\users\cyrgu3\source\repos\fmt\fmt\fmtsaevent.cpp(134): warning C4244: 'initialisation' : conversion de '__int64' en 'const int', perte possible de données
  FMTsaeventcontainer.cpp
  FMTsamodel.cpp
c:\mrnmicro\applic\cbc-2.10.2\osi\src\osi\osisolverinterface.hpp(967): warning C4309: 'static_cast' : troncation de valeur de constante
c:\mrnmicro\applic\cbc-2.10.2\osi\src\osi\osisolverinterface.hpp(983): warning C4309: 'static_cast' : troncation de valeur de constante
c:\mrnmicro\applic\cbc-2.10.2\osi\src\osi\osisolverinterface.hpp(1028): warning C4309: 'static_cast' : troncation de valeur de constante
c:\users\cyrgu3\source\repos\fmt\fmt\fmtsamodel.cpp(215): warning C4267: 'argument' : conversion de 'size_t' en '_Ty', perte possible de données
          with
          [
              _Ty=int
          ]
  FMTsasolution.cpp
c:\mrnmicro\applic\cbc-2.10.2\osi\src\osi\osisolverinterface.hpp(967): warning C4309: 'static_cast' : troncation de valeur de constante
c:\mrnmicro\applic\cbc-2.10.2\osi\src\osi\osisolverinterface.hpp(983): warning C4309: 'static_cast' : troncation de valeur de constante
c:\mrnmicro\applic\cbc-2.10.2\osi\src\osi\osisolverinterface.hpp(1028): warning C4309: 'static_cast' : troncation de valeur de constante
c:\users\cyrgu3\source\repos\fmt\fmt\fmtsasolution.cpp(387): warning C4267: 'argument' : conversion de 'size_t' en '_Ty', perte possible de données
          with
          [
              _Ty=int
          ]
c:\users\cyrgu3\source\repos\fmt\fmt\fmtsasolution.cpp(404): warning C4267: 'argument' : conversion de 'size_t' en '_Ty', perte possible de données
          with
          [
              _Ty=int
          ]
c:\users\cyrgu3\source\repos\fmt\fmt\fmtsasolution.cpp(410): warning C4267: 'argument' : conversion de 'size_t' en '_Ty', perte possible de données
          with
          [
              _Ty=int
          ]
  FMTschedule.cpp
  FMTscheduleparser.cpp
  FMTsesmodel.cpp
c:\mrnmicro\applic\cbc-2.10.2\osi\src\osi\osisolverinterface.hpp(967): warning C4309: 'static_cast' : troncation de valeur de constante
c:\mrnmicro\applic\cbc-2.10.2\osi\src\osi\osisolverinterface.hpp(983): warning C4309: 'static_cast' : troncation de valeur de constante
c:\mrnmicro\applic\cbc-2.10.2\osi\src\osi\osisolverinterface.hpp(1028): warning C4309: 'static_cast' : troncation de valeur de constante
  FMTspatialaction.cpp
  FMTtheme.cpp
c:\users\cyrgu3\source\repos\fmt\fmt\fmttheme.cpp(296): warning C4267: '+=' : conversion de 'size_t' en 'int', perte possible de données
  FMTtransition.cpp
  FMTtransitionmask.cpp
  Compilation en cours...
  FMTtransitionparser.cpp
  FMTvertexproperties.cpp
  FMTyieldparser.cpp
  FMTyields.cpp
  main.cpp
c:\mrnmicro\applic\cbc-2.10.2\osi\src\osi\osisolverinterface.hpp(967): warning C4309: 'static_cast' : troncation de valeur de constante
c:\mrnmicro\applic\cbc-2.10.2\osi\src\osi\osisolverinterface.hpp(983): warning C4309: 'static_cast' : troncation de valeur de constante
c:\mrnmicro\applic\cbc-2.10.2\osi\src\osi\osisolverinterface.hpp(1028): warning C4309: 'static_cast' : troncation de valeur de constante
c:\mrnmicro\applic\boost_1_70_0\boost\python\object\value_holder.hpp(132): warning C4244: 'argument' : conversion de 'const double' en 'const size_t', perte possible de données
  c:\mrnmicro\applic\boost_1_70_0\boost\python\object\make_holder.hpp(95): note: voir la référence à l'instanciation de la fonction modèle 'boost::python::objects::value_holder<T>::value_holder<boost::python::objects::reference_to_value<const Core::FMTmask&>,boost::python::objects::reference_to_value<const unsigned __int64&>,boost::python::objects::reference_to_value<const unsigned __int64&>,boost::python::objects::reference_to_value<const unsigned __int64&>,boost::python::objects::reference_to_value<const unsigned __int64&>,boost::python::objects::reference_to_value<const double&>,boost::python::objects::reference_to_value<const double&>>(PyObject *,A0,A1,A2,A3,A4,A5,A6)' en cours de compilation
          with
          [
              T=Heuristics::FMToperatingarea,
              A0=boost::python::objects::reference_to_value<const Core::FMTmask &>,
              A1=boost::python::objects::reference_to_value<const unsigned __int64 &>,
              A2=boost::python::objects::reference_to_value<const unsigned __int64 &>,
              A3=boost::python::objects::reference_to_value<const unsigned __int64 &>,
              A4=boost::python::objects::reference_to_value<const unsigned __int64 &>,
              A5=boost::python::objects::reference_to_value<const double &>,
              A6=boost::python::objects::reference_to_value<const double &>
          ]
  c:\mrnmicro\applic\boost_1_70_0\boost\python\object\make_holder.hpp(95): note: voir la référence à l'instanciation de la fonction modèle 'boost::python::objects::value_holder<T>::value_holder<boost::python::objects::reference_to_value<const Core::FMTmask&>,boost::python::objects::reference_to_value<const unsigned __int64&>,boost::python::objects::reference_to_value<const unsigned __int64&>,boost::python::objects::reference_to_value<const unsigned __int64&>,boost::python::objects::reference_to_value<const unsigned __int64&>,boost::python::objects::reference_to_value<const double&>,boost::python::objects::reference_to_value<const double&>>(PyObject *,A0,A1,A2,A3,A4,A5,A6)' en cours de compilation
          with
          [
              T=Heuristics::FMToperatingarea,
              A0=boost::python::objects::reference_to_value<const Core::FMTmask &>,
              A1=boost::python::objects::reference_to_value<const unsigned __int64 &>,
              A2=boost::python::objects::reference_to_value<const unsigned __int64 &>,
              A3=boost::python::objects::reference_to_value<const unsigned __int64 &>,
              A4=boost::python::objects::reference_to_value<const unsigned __int64 &>,
              A5=boost::python::objects::reference_to_value<const double &>,
              A6=boost::python::objects::reference_to_value<const double &>
          ]
  c:\mrnmicro\applic\boost_1_70_0\boost\python\object\make_holder.hpp(89): note: pendant la compilation de la fonction membre '<Inconnu>' (classe <Inconnu>)
  c:\mrnmicro\applic\boost_1_70_0\boost\python\detail\make_keyword_range_fn.hpp(63): note: voir la référence à l'instanciation de la fonction modèle 'void boost::python::objects::make_holder<7>::apply<Holder,ArgList>::execute(PyObject *,const Core::FMTmask &,const unsigned __int64 &,const unsigned __int64 &,const unsigned __int64 &,const unsigned __int64 &,const double &,const double &)' en cours de compilation
          with
          [
              Holder=boost::python::objects::value_holder<Heuristics::FMToperatingarea>,
              ArgList=signature
          ]
  c:\mrnmicro\applic\boost_1_70_0\boost\python\detail\make_keyword_range_fn.hpp(65): note: voir la référence à l'instanciation de classe modèle 'boost::python::objects::make_holder<7>::apply<Holder,ArgList>' en cours de compilation
          with
          [
              Holder=boost::python::objects::value_holder<Heuristics::FMToperatingarea>,
              ArgList=signature
          ]
  c:\mrnmicro\applic\boost_1_70_0\boost\python\init.hpp(314): note: voir la référence à l'instanciation de la fonction modèle 'boost::python::api::object boost::python::detail::make_keyword_range_constructor<Signature,NArgs,boost::python::objects::value_holder<T>,CallPoliciesT>(const CallPolicies &,const boost::python::detail::keyword_range &,Holder *,ArgList *,Arity *)' en cours de compilation
          with
          [
              Signature=signature,
              NArgs=n_arguments,
              T=Heuristics::FMToperatingarea,
              CallPoliciesT=boost::python::default_call_policies,
              CallPolicies=boost::python::default_call_policies,
              Holder=boost::python::objects::value_holder<Heuristics::FMToperatingarea>,
              ArgList=signature,
              Arity=n_arguments
          ]
  c:\mrnmicro\applic\boost_1_70_0\boost\python\init.hpp(377): note: voir la référence à l'instanciation de la fonction modèle 'void boost::python::detail::def_init_aux<ClassT,CallPoliciesT,Signature,NArgs>(ClassT &,const Signature &,NArgs,const CallPoliciesT &,const char *,const boost::python::detail::keyword_range &)' en cours de compilation
          with
          [
              ClassT=boost::python::class_<Heuristics::FMToperatingarea,boost::python::detail::not_specified,boost::python::detail::not_specified,boost::python::detail::not_specified>,
              CallPoliciesT=boost::python::default_call_policies,
              Signature=signature,
              NArgs=n_arguments
          ]
  c:\mrnmicro\applic\boost_1_70_0\boost\python\init.hpp(155): note: voir la référence à l'instanciation de la fonction modèle 'void boost::python::detail::define_class_init_helper<0>::apply<classT,boost::python::default_call_policies,signature,n_arguments>(ClassT &,const CallPoliciesT &,const Signature &,NArgs,const char *,const boost::python::detail::keyword_range &)' en cours de compilation
          with
          [
              classT=boost::python::class_<Heuristics::FMToperatingarea,boost::python::detail::not_specified,boost::python::detail::not_specified,boost::python::detail::not_specified>,
              ClassT=boost::python::class_<Heuristics::FMToperatingarea,boost::python::detail::not_specified,boost::python::detail::not_specified,boost::python::detail::not_specified>,
              CallPoliciesT=boost::python::default_call_policies,
              Signature=signature,
              NArgs=n_arguments
          ]
  c:\mrnmicro\applic\boost_1_70_0\boost\python\def_visitor.hpp(31): note: voir la référence à l'instanciation de la fonction modèle 'void boost::python::init_base<boost::python::init<const Core::FMTmask &,const size_t &,const size_t &,const size_t &,const size_t &,const double &,const double &,boost::mpl::void_,boost::mpl::void_,boost::mpl::void_,boost::mpl::void_,boost::mpl::void_,boost::mpl::void_,boost::mpl::void_,boost::mpl::void_>>::visit<classT>(classT &) const' en cours de compilation
          with
          [
              classT=boost::python::class_<Heuristics::FMToperatingarea,boost::python::detail::not_specified,boost::python::detail::not_specified,boost::python::detail::not_specified>
          ]
  c:\mrnmicro\applic\boost_1_70_0\boost\python\def_visitor.hpp(31): note: voir la référence à l'instanciation de la fonction modèle 'void boost::python::init_base<boost::python::init<const Core::FMTmask &,const size_t &,const size_t &,const size_t &,const size_t &,const double &,const double &,boost::mpl::void_,boost::mpl::void_,boost::mpl::void_,boost::mpl::void_,boost::mpl::void_,boost::mpl::void_,boost::mpl::void_,boost::mpl::void_>>::visit<classT>(classT &) const' en cours de compilation
          with
          [
              classT=boost::python::class_<Heuristics::FMToperatingarea,boost::python::detail::not_specified,boost::python::detail::not_specified,boost::python::detail::not_specified>
          ]
  c:\mrnmicro\applic\boost_1_70_0\boost\python\def_visitor.hpp(67): note: voir la référence à l'instanciation de la fonction modèle 'void boost::python::def_visitor_access::visit<boost::python::def_visitor<DerivedT>,classT>(const V &,classT &)' en cours de compilation
          with
          [
              DerivedT=boost::python::init<const Core::FMTmask &,const size_t &,const size_t &,const size_t &,const size_t &,const double &,const double &,boost::mpl::void_,boost::mpl::void_,boost::mpl::void_,boost::mpl::void_,boost::mpl::void_,boost::mpl::void_,boost::mpl::void_,boost::mpl::void_>,
              classT=boost::python::class_<Heuristics::FMToperatingarea,boost::python::detail::not_specified,boost::python::detail::not_specified,boost::python::detail::not_specified>,
              V=boost::python::def_visitor<boost::python::init<const Core::FMTmask &,const size_t &,const size_t &,const size_t &,const size_t &,const double &,const double &,boost::mpl::void_,boost::mpl::void_,boost::mpl::void_,boost::mpl::void_,boost::mpl::void_,boost::mpl::void_,boost::mpl::void_,boost::mpl::void_>>
          ]
  c:\mrnmicro\applic\boost_1_70_0\boost\python\class.hpp(221): note: voir la référence à l'instanciation de la fonction modèle 'void boost::python::def_visitor<DerivedT>::visit<boost::python::class_<Heuristics::FMToperatingarea,boost::python::detail::not_specified,boost::python::detail::not_specified,boost::python::detail::not_specified>>(classT &) const' en cours de compilation
          with
          [
              DerivedT=boost::python::init<const Core::FMTmask &,const size_t &,const size_t &,const size_t &,const size_t &,const double &,const double &,boost::mpl::void_,boost::mpl::void_,boost::mpl::void_,boost::mpl::void_,boost::mpl::void_,boost::mpl::void_,boost::mpl::void_,boost::mpl::void_>,
              classT=boost::python::class_<Heuristics::FMToperatingarea,boost::python::detail::not_specified,boost::python::detail::not_specified,boost::python::detail::not_specified>
          ]
  c:\mrnmicro\applic\boost_1_70_0\boost\python\class.hpp(221): note: voir la référence à l'instanciation de la fonction modèle 'void boost::python::def_visitor<DerivedT>::visit<boost::python::class_<Heuristics::FMToperatingarea,boost::python::detail::not_specified,boost::python::detail::not_specified,boost::python::detail::not_specified>>(classT &) const' en cours de compilation
          with
          [
              DerivedT=boost::python::init<const Core::FMTmask &,const size_t &,const size_t &,const size_t &,const size_t &,const double &,const double &,boost::mpl::void_,boost::mpl::void_,boost::mpl::void_,boost::mpl::void_,boost::mpl::void_,boost::mpl::void_,boost::mpl::void_,boost::mpl::void_>,
              classT=boost::python::class_<Heuristics::FMToperatingarea,boost::python::detail::not_specified,boost::python::detail::not_specified,boost::python::detail::not_specified>
          ]
  c:\users\cyrgu3\source\repos\fmt\fmt\pyexportheuristics.h(33): note: voir la référence à l'instanciation de la fonction modèle 'boost::python::class_<Heuristics::FMToperatingarea,boost::python::detail::not_specified,boost::python::detail::not_specified,boost::python::detail::not_specified> &boost::python::class_<Heuristics::FMToperatingarea,boost::python::detail::not_specified,boost::python::detail::not_specified,boost::python::detail::not_specified>::def<DerivedT>(const boost::python::def_visitor<DerivedT> &)' en cours de compilation
          with
          [
              DerivedT=boost::python::init<const Core::FMTmask &,const size_t &,const size_t &,const size_t &,const size_t &,const double &,const double &,boost::mpl::void_,boost::mpl::void_,boost::mpl::void_,boost::mpl::void_,boost::mpl::void_,boost::mpl::void_,boost::mpl::void_,boost::mpl::void_>
          ]
  c:\users\cyrgu3\source\repos\fmt\fmt\pyexportheuristics.h(42): note: voir la référence à l'instanciation de la fonction modèle 'boost::python::class_<Heuristics::FMToperatingarea,boost::python::detail::not_specified,boost::python::detail::not_specified,boost::python::detail::not_specified> &boost::python::class_<Heuristics::FMToperatingarea,boost::python::detail::not_specified,boost::python::detail::not_specified,boost::python::detail::not_specified>::def<DerivedT>(const boost::python::def_visitor<DerivedT> &)' en cours de compilation
          with
          [
              DerivedT=boost::python::init<const Core::FMTmask &,const size_t &,const size_t &,const size_t &,const size_t &,const double &,const double &,boost::mpl::void_,boost::mpl::void_,boost::mpl::void_,boost::mpl::void_,boost::mpl::void_,boost::mpl::void_,boost::mpl::void_,boost::mpl::void_>
          ]
  c:\mrnmicro\applic\boost_1_70_0\boost\bind\placeholders.hpp(54): note: voir la référence à l'instanciation de classe modèle 'boost::arg<9>' en cours de compilation
  c:\mrnmicro\applic\boost_1_70_0\boost\bind\placeholders.hpp(53): note: voir la référence à l'instanciation de classe modèle 'boost::arg<8>' en cours de compilation
  c:\mrnmicro\applic\boost_1_70_0\boost\bind\placeholders.hpp(52): note: voir la référence à l'instanciation de classe modèle 'boost::arg<7>' en cours de compilation
  c:\mrnmicro\applic\boost_1_70_0\boost\bind\placeholders.hpp(51): note: voir la référence à l'instanciation de classe modèle 'boost::arg<6>' en cours de compilation
  c:\mrnmicro\applic\boost_1_70_0\boost\bind\placeholders.hpp(50): note: voir la référence à l'instanciation de classe modèle 'boost::arg<5>' en cours de compilation
  c:\mrnmicro\applic\boost_1_70_0\boost\bind\placeholders.hpp(49): note: voir la référence à l'instanciation de classe modèle 'boost::arg<4>' en cours de compilation
  c:\mrnmicro\applic\boost_1_70_0\boost\bind\placeholders.hpp(48): note: voir la référence à l'instanciation de classe modèle 'boost::arg<3>' en cours de compilation
  c:\mrnmicro\applic\boost_1_70_0\boost\bind\placeholders.hpp(47): note: voir la référence à l'instanciation de classe modèle 'boost::arg<2>' en cours de compilation
  c:\mrnmicro\applic\boost_1_70_0\boost\bind\placeholders.hpp(46): note: voir la référence à l'instanciation de classe modèle 'boost::arg<1>' en cours de compilation
c:\mrnmicro\applic\boost_1_70_0\boost\graph\adj_list_serialize.hpp(45): warning C4267: 'initialisation' : conversion de 'size_t' en 'int', perte possible de données
  c:\mrnmicro\applic\boost_1_70_0\boost\serialization\split_free.hpp(45): note: voir la référence à l'instanciation de la fonction modèle 'void boost::serialization::save<Archive,boost::listS,boost::listS,boost::bidirectionalS,Graph::FMTvertexproperties,Graph::FMTedgeproperties,boost::no_property,boost::listS>(Archive &,const boost::adjacency_list<boost::listS,boost::listS,boost::bidirectionalS,Graph::FMTvertexproperties,Graph::FMTedgeproperties,boost::no_property,boost::listS> &,const unsigned int)' en cours de compilation
          with
          [
              Archive=boost::archive::binary_oarchive
          ]
  c:\mrnmicro\applic\boost_1_70_0\boost\serialization\split_free.hpp(41): note: pendant la compilation de la fonction membre '<Inconnu>' (classe <Inconnu>)
  c:\mrnmicro\applic\boost_1_70_0\boost\serialization\split_free.hpp(74): note: voir la référence à l'instanciation de la fonction modèle 'void boost::serialization::free_saver<Archive,T>::invoke(Archive &,const T &,const unsigned int)' en cours de compilation
          with
          [
              Archive=boost::archive::binary_oarchive,
              T=boost::adjacency_list<boost::listS,boost::listS,boost::bidirectionalS,Graph::FMTvertexproperties,Graph::FMTedgeproperties,boost::no_property,boost::listS>
          ]
  c:\mrnmicro\applic\boost_1_70_0\boost\serialization\split_free.hpp(74): note: voir la référence à l'instanciation de classe modèle 'boost::serialization::free_saver<Archive,T>' en cours de compilation
          with
          [
              Archive=boost::archive::binary_oarchive,
              T=boost::adjacency_list<boost::listS,boost::listS,boost::bidirectionalS,Graph::FMTvertexproperties,Graph::FMTedgeproperties,boost::no_property,boost::listS>
          ]
  c:\mrnmicro\applic\boost_1_70_0\boost\graph\adj_list_serialize.hpp(109): note: voir la référence à l'instanciation de la fonction modèle 'void boost::serialization::split_free<Archive,boost::adjacency_list<boost::listS,boost::listS,boost::bidirectionalS,Graph::FMTvertexproperties,Graph::FMTedgeproperties,boost::no_property,boost::listS>>(Archive &,T &,const unsigned int)' en cours de compilation
          with
          [
              Archive=boost::archive::binary_oarchive,
              T=boost::adjacency_list<boost::listS,boost::listS,boost::bidirectionalS,Graph::FMTvertexproperties,Graph::FMTedgeproperties,boost::no_property,boost::listS>
          ]
  c:\mrnmicro\applic\boost_1_70_0\boost\serialization\serialization.hpp(126): note: voir la référence à l'instanciation de la fonction modèle 'void boost::serialization::serialize<Archive,boost::listS,boost::listS,boost::bidirectionalS,Graph::FMTvertexproperties,Graph::FMTedgeproperties,boost::no_property,boost::listS>(Archive &,boost::adjacency_list<boost::listS,boost::listS,boost::bidirectionalS,Graph::FMTvertexproperties,Graph::FMTedgeproperties,boost::no_property,boost::listS> &,const unsigned int)' en cours de compilation
          with
          [
              Archive=boost::archive::binary_oarchive
          ]
  c:\mrnmicro\applic\boost_1_70_0\boost\archive\detail\oserializer.hpp(157): note: voir la référence à l'instanciation de la fonction modèle 'void boost::serialization::serialize_adl<Archive,T>(Archive &,T &,const unsigned int)' en cours de compilation
          with
          [
              Archive=boost::archive::binary_oarchive,
              T=const Graph::FMTadjacency_list
          ]
  c:\mrnmicro\applic\boost_1_70_0\boost\archive\detail\oserializer.hpp(149): note: pendant la compilation de la fonction membre '<Inconnu>' (classe <Inconnu>)
  c:\mrnmicro\applic\boost_1_70_0\boost\archive\detail\oserializer.hpp(263): note: voir la référence à l'instanciation de classe modèle 'boost::archive::detail::oserializer<Archive,T>' en cours de compilation
          with
          [
              Archive=boost::archive::binary_oarchive,
              T=const Graph::FMTadjacency_list
          ]
  c:\mrnmicro\applic\boost_1_70_0\boost\archive\detail\oserializer.hpp(315): note: voir la référence à l'instanciation de la fonction modèle 'void boost::archive::detail::save_non_pointer_type<Archive>::save_standard::invoke<T>(Archive &,const T &)' en cours de compilation
          with
          [
              Archive=boost::archive::binary_oarchive,
              T=const Graph::FMTadjacency_list
          ]
  c:\mrnmicro\applic\boost_1_70_0\boost\archive\detail\oserializer.hpp(315): note: voir la référence à l'instanciation de la fonction modèle 'void boost::archive::detail::save_non_pointer_type<Archive>::save_standard::invoke<T>(Archive &,const T &)' en cours de compilation
          with
          [
              Archive=boost::archive::binary_oarchive,
              T=const Graph::FMTadjacency_list
          ]
  c:\mrnmicro\applic\boost_1_70_0\boost\archive\detail\oserializer.hpp(539): note: voir la référence à l'instanciation de la fonction modèle 'void boost::archive::detail::save_non_pointer_type<Archive>::invoke<const T>(Archive &,const T &)' en cours de compilation
          with
          [
              Archive=boost::archive::binary_oarchive,
              T=const Graph::FMTadjacency_list
          ]
  c:\mrnmicro\applic\boost_1_70_0\boost\archive\detail\oserializer.hpp(539): note: voir la référence à l'instanciation de la fonction modèle 'void boost::archive::detail::save_non_pointer_type<Archive>::invoke<const T>(Archive &,const T &)' en cours de compilation
          with
          [
              Archive=boost::archive::binary_oarchive,
              T=const Graph::FMTadjacency_list
          ]
  c:\mrnmicro\applic\boost_1_70_0\boost\archive\detail\common_oarchive.hpp(71): note: voir la référence à l'instanciation de la fonction modèle 'void boost::archive::save<Archive,T>(Archive &,T &)' en cours de compilation
          with
          [
              Archive=boost::archive::binary_oarchive,
              T=const Graph::FMTadjacency_list
          ]
  c:\mrnmicro\applic\boost_1_70_0\boost\archive\basic_binary_oarchive.hpp(80): note: voir la référence à l'instanciation de la fonction modèle 'void boost::archive::detail::common_oarchive<Archive>::save_override<const T>(T &)' en cours de compilation
          with
          [
              Archive=boost::archive::binary_oarchive,
              T=const Graph::FMTadjacency_list
          ]
  c:\mrnmicro\applic\boost_1_70_0\boost\archive\basic_binary_oarchive.hpp(80): note: voir la référence à l'instanciation de la fonction modèle 'void boost::archive::detail::common_oarchive<Archive>::save_override<const T>(T &)' en cours de compilation
          with
          [
              Archive=boost::archive::binary_oarchive,
              T=const Graph::FMTadjacency_list
          ]
  c:\mrnmicro\applic\boost_1_70_0\boost\archive\binary_oarchive_impl.hpp(59): note: voir la référence à l'instanciation de la fonction modèle 'void boost::archive::basic_binary_oarchive<Archive>::save_override<const T>(const T &)' en cours de compilation
          with
          [
              Archive=boost::archive::binary_oarchive,
              T=const Graph::FMTadjacency_list
          ]
  c:\mrnmicro\applic\boost_1_70_0\boost\archive\binary_oarchive_impl.hpp(59): note: voir la référence à l'instanciation de la fonction modèle 'void boost::archive::basic_binary_oarchive<Archive>::save_override<const T>(const T &)' en cours de compilation
          with
          [
              Archive=boost::archive::binary_oarchive,
              T=const Graph::FMTadjacency_list
          ]
  c:\mrnmicro\applic\boost_1_70_0\boost\archive\detail\interface_oarchive.hpp(70): note: voir la référence à l'instanciation de la fonction modèle 'void boost::archive::binary_oarchive_impl<boost::archive::binary_oarchive,char,std::char_traits<char>>::save_override<const T>(T &)' en cours de compilation
          with
          [
              T=const Graph::FMTadjacency_list
          ]
  c:\mrnmicro\applic\boost_1_70_0\boost\archive\detail\interface_oarchive.hpp(70): note: voir la référence à l'instanciation de la fonction modèle 'void boost::archive::binary_oarchive_impl<boost::archive::binary_oarchive,char,std::char_traits<char>>::save_override<const T>(T &)' en cours de compilation
          with
          [
              T=const Graph::FMTadjacency_list
          ]
  c:\mrnmicro\applic\boost_1_70_0\boost\serialization\nvp.hpp(67): note: voir la référence à l'instanciation de la fonction modèle 'Archive &boost::archive::detail::interface_oarchive<Archive>::operator <<<const T>(const T &)' en cours de compilation
          with
          [
              Archive=boost::archive::binary_oarchive,
              T=const Graph::FMTadjacency_list
          ]
  c:\mrnmicro\applic\boost_1_70_0\boost\serialization\nvp.hpp(67): note: voir la référence à l'instanciation de la fonction modèle 'Archive &boost::archive::detail::interface_oarchive<Archive>::operator <<<const T>(const T &)' en cours de compilation
          with
          [
              Archive=boost::archive::binary_oarchive,
              T=const Graph::FMTadjacency_list
          ]
  c:\mrnmicro\applic\boost_1_70_0\boost\serialization\access.hpp(91): note: voir la référence à l'instanciation de la fonction modèle 'void boost::serialization::nvp<const Graph::FMTadjacency_list>::save<Archive>(Archive &,const unsigned int) const' en cours de compilation
          with
          [
              Archive=boost::archive::binary_oarchive
          ]
  c:\mrnmicro\applic\boost_1_70_0\boost\serialization\access.hpp(91): note: voir la référence à l'instanciation de la fonction modèle 'void boost::serialization::nvp<const Graph::FMTadjacency_list>::save<Archive>(Archive &,const unsigned int) const' en cours de compilation
          with
          [
              Archive=boost::archive::binary_oarchive
          ]
  c:\mrnmicro\applic\boost_1_70_0\boost\serialization\split_member.hpp(43): note: voir la référence à l'instanciation de la fonction modèle 'void boost::serialization::access::member_save<Archive,const T>(Archive &,T &,const unsigned int)' en cours de compilation
          with
          [
              Archive=boost::archive::binary_oarchive,
              T=boost::serialization::nvp<const Graph::FMTadjacency_list>
          ]
  c:\mrnmicro\applic\boost_1_70_0\boost\serialization\split_member.hpp(42): note: pendant la compilation de la fonction membre '<Inconnu>' (classe <Inconnu>)
  c:\mrnmicro\applic\boost_1_70_0\boost\serialization\split_member.hpp(69): note: voir la référence à l'instanciation de la fonction modèle 'void boost::serialization::detail::member_saver<Archive,T>::invoke(Archive &,const T &,const unsigned int)' en cours de compilation
          with
          [
              Archive=boost::archive::binary_oarchive,
              T=boost::serialization::nvp<const Graph::FMTadjacency_list>
          ]
  c:\mrnmicro\applic\boost_1_70_0\boost\serialization\split_member.hpp(69): note: voir la référence à l'instanciation de classe modèle 'boost::serialization::detail::member_saver<Archive,T>' en cours de compilation
          with
          [
              Archive=boost::archive::binary_oarchive,
              T=boost::serialization::nvp<const Graph::FMTadjacency_list>
          ]
  c:\mrnmicro\applic\boost_1_70_0\boost\serialization\nvp.hpp(76): note: voir la référence à l'instanciation de la fonction modèle 'void boost::serialization::split_member<Archive,boost::serialization::nvp<const Graph::FMTadjacency_list>>(Archive &,T &,const unsigned int)' en cours de compilation
          with
          [
              Archive=boost::archive::binary_oarchive,
              T=boost::serialization::nvp<const Graph::FMTadjacency_list>
          ]
  c:\mrnmicro\applic\boost_1_70_0\boost\serialization\access.hpp(116): note: voir la référence à l'instanciation de la fonction modèle 'void boost::serialization::nvp<const Graph::FMTadjacency_list>::serialize<Archive>(Archive &,const unsigned int)' en cours de compilation
          with
          [
              Archive=boost::archive::binary_oarchive
          ]
  c:\mrnmicro\applic\boost_1_70_0\boost\serialization\access.hpp(116): note: voir la référence à l'instanciation de la fonction modèle 'void boost::serialization::nvp<const Graph::FMTadjacency_list>::serialize<Archive>(Archive &,const unsigned int)' en cours de compilation
          with
          [
              Archive=boost::archive::binary_oarchive
          ]
  c:\mrnmicro\applic\boost_1_70_0\boost\serialization\serialization.hpp(68): note: voir la référence à l'instanciation de la fonction modèle 'void boost::serialization::access::serialize<Archive,T>(Archive &,T &,const unsigned int)' en cours de compilation
          with
          [
              Archive=boost::archive::binary_oarchive,
              T=boost::serialization::nvp<const Graph::FMTadjacency_list>
          ]
  c:\mrnmicro\applic\boost_1_70_0\boost\serialization\serialization.hpp(126): note: voir la référence à l'instanciation de la fonction modèle 'void boost::serialization::serialize<Archive,T>(Archive &,T &,const unsigned int)' en cours de compilation
          with
          [
              Archive=boost::archive::binary_oarchive,
              T=boost::serialization::nvp<const Graph::FMTadjacency_list>
          ]
  c:\mrnmicro\applic\boost_1_70_0\boost\archive\detail\oserializer.hpp(250): note: voir la référence à l'instanciation de la fonction modèle 'void boost::serialization::serialize_adl<Archive,T>(Archive &,T &,const unsigned int)' en cours de compilation
          with
          [
              Archive=boost::archive::binary_oarchive,
              T=boost::serialization::nvp<const Graph::FMTadjacency_list>
          ]
  c:\mrnmicro\applic\boost_1_70_0\boost\archive\detail\oserializer.hpp(315): note: voir la référence à l'instanciation de la fonction modèle 'void boost::archive::detail::save_non_pointer_type<Archive>::save_only::invoke<T>(Archive &,const T &)' en cours de compilation
          with
          [
              Archive=boost::archive::binary_oarchive,
              T=boost::serialization::nvp<const Graph::FMTadjacency_list>
          ]
  c:\mrnmicro\applic\boost_1_70_0\boost\archive\detail\oserializer.hpp(315): note: voir la référence à l'instanciation de la fonction modèle 'void boost::archive::detail::save_non_pointer_type<Archive>::save_only::invoke<T>(Archive &,const T &)' en cours de compilation
          with
          [
              Archive=boost::archive::binary_oarchive,
              T=boost::serialization::nvp<const Graph::FMTadjacency_list>
          ]
  c:\mrnmicro\applic\boost_1_70_0\boost\archive\detail\oserializer.hpp(539): note: voir la référence à l'instanciation de la fonction modèle 'void boost::archive::detail::save_non_pointer_type<Archive>::invoke<const T>(Archive &,const T &)' en cours de compilation
          with
          [
              Archive=boost::archive::binary_oarchive,
              T=boost::serialization::nvp<const Graph::FMTadjacency_list>
          ]
  c:\mrnmicro\applic\boost_1_70_0\boost\archive\detail\oserializer.hpp(539): note: voir la référence à l'instanciation de la fonction modèle 'void boost::archive::detail::save_non_pointer_type<Archive>::invoke<const T>(Archive &,const T &)' en cours de compilation
          with
          [
              Archive=boost::archive::binary_oarchive,
              T=boost::serialization::nvp<const Graph::FMTadjacency_list>
          ]
  c:\mrnmicro\applic\boost_1_70_0\boost\archive\detail\common_oarchive.hpp(71): note: voir la référence à l'instanciation de la fonction modèle 'void boost::archive::save<Archive,T>(Archive &,T &)' en cours de compilation
          with
          [
              Archive=boost::archive::binary_oarchive,
              T=boost::serialization::nvp<const Graph::FMTadjacency_list>
          ]
  c:\mrnmicro\applic\boost_1_70_0\boost\archive\basic_binary_oarchive.hpp(80): note: voir la référence à l'instanciation de la fonction modèle 'void boost::archive::detail::common_oarchive<Archive>::save_override<const T>(T &)' en cours de compilation
          with
          [
              Archive=boost::archive::binary_oarchive,
              T=boost::serialization::nvp<const Graph::FMTadjacency_list>
          ]
  c:\mrnmicro\applic\boost_1_70_0\boost\archive\basic_binary_oarchive.hpp(80): note: voir la référence à l'instanciation de la fonction modèle 'void boost::archive::detail::common_oarchive<Archive>::save_override<const T>(T &)' en cours de compilation
          with
          [
              Archive=boost::archive::binary_oarchive,
              T=boost::serialization::nvp<const Graph::FMTadjacency_list>
          ]
  c:\mrnmicro\applic\boost_1_70_0\boost\archive\binary_oarchive_impl.hpp(59): note: voir la référence à l'instanciation de la fonction modèle 'void boost::archive::basic_binary_oarchive<Archive>::save_override<const T>(const T &)' en cours de compilation
          with
          [
              Archive=boost::archive::binary_oarchive,
              T=boost::serialization::nvp<const Graph::FMTadjacency_list>
          ]
  c:\mrnmicro\applic\boost_1_70_0\boost\archive\binary_oarchive_impl.hpp(59): note: voir la référence à l'instanciation de la fonction modèle 'void boost::archive::basic_binary_oarchive<Archive>::save_override<const T>(const T &)' en cours de compilation
          with
          [
              Archive=boost::archive::binary_oarchive,
              T=boost::serialization::nvp<const Graph::FMTadjacency_list>
          ]
  c:\mrnmicro\applic\boost_1_70_0\boost\archive\detail\interface_oarchive.hpp(70): note: voir la référence à l'instanciation de la fonction modèle 'void boost::archive::binary_oarchive_impl<boost::archive::binary_oarchive,char,std::char_traits<char>>::save_override<const T>(T &)' en cours de compilation
          with
          [
              T=boost::serialization::nvp<const Graph::FMTadjacency_list>
          ]
  c:\mrnmicro\applic\boost_1_70_0\boost\archive\detail\interface_oarchive.hpp(70): note: voir la référence à l'instanciation de la fonction modèle 'void boost::archive::binary_oarchive_impl<boost::archive::binary_oarchive,char,std::char_traits<char>>::save_override<const T>(T &)' en cours de compilation
          with
          [
              T=boost::serialization::nvp<const Graph::FMTadjacency_list>
          ]
  c:\mrnmicro\applic\boost_1_70_0\boost\archive\detail\interface_oarchive.hpp(77): note: voir la référence à l'instanciation de la fonction modèle 'Archive &boost::archive::detail::interface_oarchive<Archive>::operator <<<T>(const T &)' en cours de compilation
          with
          [
              Archive=boost::archive::binary_oarchive,
              T=boost::serialization::nvp<const Graph::FMTadjacency_list>
          ]
  c:\mrnmicro\applic\boost_1_70_0\boost\archive\detail\interface_oarchive.hpp(77): note: voir la référence à l'instanciation de la fonction modèle 'Archive &boost::archive::detail::interface_oarchive<Archive>::operator <<<T>(const T &)' en cours de compilation
          with
          [
              Archive=boost::archive::binary_oarchive,
              T=boost::serialization::nvp<const Graph::FMTadjacency_list>
          ]
  c:\users\cyrgu3\source\repos\fmt\fmt\fmtgraph.h(64): note: voir la référence à l'instanciation de la fonction modèle 'Archive &boost::archive::detail::interface_oarchive<Archive>::operator &<boost::serialization::nvp<const Graph::FMTadjacency_list>>(const T &)' en cours de compilation
          with
          [
              Archive=boost::archive::binary_oarchive,
              T=boost::serialization::nvp<const Graph::FMTadjacency_list>
          ]
  c:\users\cyrgu3\source\repos\fmt\fmt\fmtgraph.h(64): note: voir la référence à l'instanciation de la fonction modèle 'Archive &boost::archive::detail::interface_oarchive<Archive>::operator &<boost::serialization::nvp<const Graph::FMTadjacency_list>>(const T &)' en cours de compilation
          with
          [
              Archive=boost::archive::binary_oarchive,
              T=boost::serialization::nvp<const Graph::FMTadjacency_list>
          ]
  c:\mrnmicro\applic\boost_1_70_0\boost\serialization\access.hpp(91): note: voir la référence à l'instanciation de la fonction modèle 'void Graph::FMTgraph::save<Archive>(Archive &,const unsigned int) const' en cours de compilation
          with
          [
              Archive=boost::archive::binary_oarchive
          ]
  c:\mrnmicro\applic\boost_1_70_0\boost\serialization\split_member.hpp(43): note: voir la référence à l'instanciation de la fonction modèle 'void boost::serialization::access::member_save<Archive,const T>(Archive &,T &,const unsigned int)' en cours de compilation
          with
          [
              Archive=boost::archive::binary_oarchive,
              T=Graph::FMTgraph
          ]
  c:\mrnmicro\applic\boost_1_70_0\boost\serialization\split_member.hpp(42): note: pendant la compilation de la fonction membre '<Inconnu>' (classe <Inconnu>)
  c:\mrnmicro\applic\boost_1_70_0\boost\serialization\split_member.hpp(69): note: voir la référence à l'instanciation de la fonction modèle 'void boost::serialization::detail::member_saver<Archive,T>::invoke(Archive &,const T &,const unsigned int)' en cours de compilation
          with
          [
              Archive=boost::archive::binary_oarchive,
              T=Graph::FMTgraph
          ]
  c:\mrnmicro\applic\boost_1_70_0\boost\serialization\split_member.hpp(69): note: voir la référence à l'instanciation de classe modèle 'boost::serialization::detail::member_saver<Archive,T>' en cours de compilation
          with
          [
              Archive=boost::archive::binary_oarchive,
              T=Graph::FMTgraph
          ]
  c:\users\cyrgu3\source\repos\fmt\fmt\fmtgraph.h(76): note: voir la référence à l'instanciation de la fonction modèle 'void boost::serialization::split_member<Archive,Graph::FMTgraph>(Archive &,T &,const unsigned int)' en cours de compilation
          with
          [
              Archive=boost::archive::binary_oarchive,
              T=Graph::FMTgraph
          ]
  c:\mrnmicro\applic\boost_1_70_0\boost\serialization\access.hpp(116): note: voir la référence à l'instanciation de la fonction modèle 'void Graph::FMTgraph::serialize<Archive>(Archive &,const unsigned int)' en cours de compilation
          with
          [
              Archive=boost::archive::binary_oarchive
          ]
  c:\mrnmicro\applic\boost_1_70_0\boost\serialization\serialization.hpp(68): note: voir la référence à l'instanciation de la fonction modèle 'void boost::serialization::access::serialize<Archive,T>(Archive &,T &,const unsigned int)' en cours de compilation
          with
          [
              Archive=boost::archive::binary_oarchive,
              T=Graph::FMTgraph
          ]
  c:\mrnmicro\applic\boost_1_70_0\boost\serialization\serialization.hpp(126): note: voir la référence à l'instanciation de la fonction modèle 'void boost::serialization::serialize<Archive,T>(Archive &,T &,const unsigned int)' en cours de compilation
          with
          [
              Archive=boost::archive::binary_oarchive,
              T=Graph::FMTgraph
          ]
  c:\mrnmicro\applic\boost_1_70_0\boost\archive\detail\oserializer.hpp(157): note: voir la référence à l'instanciation de la fonction modèle 'void boost::serialization::serialize_adl<Archive,T>(Archive &,T &,const unsigned int)' en cours de compilation
          with
          [
              Archive=boost::archive::binary_oarchive,
              T=Graph::FMTgraph
          ]
  c:\mrnmicro\applic\boost_1_70_0\boost\archive\detail\oserializer.hpp(149): note: pendant la compilation de la fonction membre '<Inconnu>' (classe <Inconnu>)
  c:\mrnmicro\applic\boost_1_70_0\boost\archive\detail\oserializer.hpp(263): note: voir la référence à l'instanciation de classe modèle 'boost::archive::detail::oserializer<Archive,T>' en cours de compilation
          with
          [
              Archive=boost::archive::binary_oarchive,
              T=Graph::FMTgraph
          ]
  c:\mrnmicro\applic\boost_1_70_0\boost\archive\detail\oserializer.hpp(315): note: voir la référence à l'instanciation de la fonction modèle 'void boost::archive::detail::save_non_pointer_type<Archive>::save_standard::invoke<T>(Archive &,const T &)' en cours de compilation
          with
          [
              Archive=boost::archive::binary_oarchive,
              T=Graph::FMTgraph
          ]
  c:\mrnmicro\applic\boost_1_70_0\boost\archive\detail\oserializer.hpp(315): note: voir la référence à l'instanciation de la fonction modèle 'void boost::archive::detail::save_non_pointer_type<Archive>::save_standard::invoke<T>(Archive &,const T &)' en cours de compilation
          with
          [
              Archive=boost::archive::binary_oarchive,
              T=Graph::FMTgraph
          ]
  c:\mrnmicro\applic\boost_1_70_0\boost\archive\detail\oserializer.hpp(539): note: voir la référence à l'instanciation de la fonction modèle 'void boost::archive::detail::save_non_pointer_type<Archive>::invoke<const T>(Archive &,const T &)' en cours de compilation
          with
          [
              Archive=boost::archive::binary_oarchive,
              T=Graph::FMTgraph
          ]
  c:\mrnmicro\applic\boost_1_70_0\boost\archive\detail\oserializer.hpp(539): note: voir la référence à l'instanciation de la fonction modèle 'void boost::archive::detail::save_non_pointer_type<Archive>::invoke<const T>(Archive &,const T &)' en cours de compilation
          with
          [
              Archive=boost::archive::binary_oarchive,
              T=Graph::FMTgraph
          ]
  c:\mrnmicro\applic\boost_1_70_0\boost\archive\detail\common_oarchive.hpp(71): note: voir la référence à l'instanciation de la fonction modèle 'void boost::archive::save<Archive,T>(Archive &,T &)' en cours de compilation
          with
          [
              Archive=boost::archive::binary_oarchive,
              T=Graph::FMTgraph
          ]
  c:\mrnmicro\applic\boost_1_70_0\boost\archive\basic_binary_oarchive.hpp(80): note: voir la référence à l'instanciation de la fonction modèle 'void boost::archive::detail::common_oarchive<Archive>::save_override<const T>(T &)' en cours de compilation
          with
          [
              Archive=boost::archive::binary_oarchive,
              T=Graph::FMTgraph
          ]
  c:\mrnmicro\applic\boost_1_70_0\boost\archive\basic_binary_oarchive.hpp(80): note: voir la référence à l'instanciation de la fonction modèle 'void boost::archive::detail::common_oarchive<Archive>::save_override<const T>(T &)' en cours de compilation
          with
          [
              Archive=boost::archive::binary_oarchive,
              T=Graph::FMTgraph
          ]
  c:\mrnmicro\applic\boost_1_70_0\boost\archive\binary_oarchive_impl.hpp(59): note: voir la référence à l'instanciation de la fonction modèle 'void boost::archive::basic_binary_oarchive<Archive>::save_override<const T>(const T &)' en cours de compilation
          with
          [
              Archive=boost::archive::binary_oarchive,
              T=Graph::FMTgraph
          ]
  c:\mrnmicro\applic\boost_1_70_0\boost\archive\binary_oarchive_impl.hpp(59): note: voir la référence à l'instanciation de la fonction modèle 'void boost::archive::basic_binary_oarchive<Archive>::save_override<const T>(const T &)' en cours de compilation
          with
          [
              Archive=boost::archive::binary_oarchive,
              T=Graph::FMTgraph
          ]
  c:\mrnmicro\applic\boost_1_70_0\boost\archive\detail\interface_oarchive.hpp(70): note: voir la référence à l'instanciation de la fonction modèle 'void boost::archive::binary_oarchive_impl<boost::archive::binary_oarchive,char,std::char_traits<char>>::save_override<const T>(T &)' en cours de compilation
          with
          [
              T=Graph::FMTgraph
          ]
  c:\mrnmicro\applic\boost_1_70_0\boost\archive\detail\interface_oarchive.hpp(70): note: voir la référence à l'instanciation de la fonction modèle 'void boost::archive::binary_oarchive_impl<boost::archive::binary_oarchive,char,std::char_traits<char>>::save_override<const T>(T &)' en cours de compilation
          with
          [
              T=Graph::FMTgraph
          ]
  c:\mrnmicro\applic\boost_1_70_0\boost\serialization\nvp.hpp(67): note: voir la référence à l'instanciation de la fonction modèle 'Archive &boost::archive::detail::interface_oarchive<Archive>::operator <<<const T>(const T &)' en cours de compilation
          with
          [
              Archive=boost::archive::binary_oarchive,
              T=Graph::FMTgraph
          ]
  c:\mrnmicro\applic\boost_1_70_0\boost\serialization\nvp.hpp(67): note: voir la référence à l'instanciation de la fonction modèle 'Archive &boost::archive::detail::interface_oarchive<Archive>::operator <<<const T>(const T &)' en cours de compilation
          with
          [
              Archive=boost::archive::binary_oarchive,
              T=Graph::FMTgraph
          ]
  c:\mrnmicro\applic\boost_1_70_0\boost\serialization\access.hpp(91): note: voir la référence à l'instanciation de la fonction modèle 'void boost::serialization::nvp<const T>::save<Archive>(Archive &,const unsigned int) const' en cours de compilation
          with
          [
              T=Graph::FMTgraph,
              Archive=boost::archive::binary_oarchive
          ]
  c:\mrnmicro\applic\boost_1_70_0\boost\serialization\access.hpp(91): note: voir la référence à l'instanciation de la fonction modèle 'void boost::serialization::nvp<const T>::save<Archive>(Archive &,const unsigned int) const' en cours de compilation
          with
          [
              T=Graph::FMTgraph,
              Archive=boost::archive::binary_oarchive
          ]
  c:\mrnmicro\applic\boost_1_70_0\boost\serialization\split_member.hpp(43): note: voir la référence à l'instanciation de la fonction modèle 'void boost::serialization::access::member_save<Archive,const T>(Archive &,T &,const unsigned int)' en cours de compilation
          with
          [
              Archive=boost::archive::binary_oarchive,
              T=boost::serialization::nvp<const Graph::FMTgraph>
          ]
  c:\mrnmicro\applic\boost_1_70_0\boost\serialization\split_member.hpp(42): note: pendant la compilation de la fonction membre '<Inconnu>' (classe <Inconnu>)
  c:\mrnmicro\applic\boost_1_70_0\boost\serialization\split_member.hpp(69): note: voir la référence à l'instanciation de la fonction modèle 'void boost::serialization::detail::member_saver<Archive,T>::invoke(Archive &,const T &,const unsigned int)' en cours de compilation
          with
          [
              Archive=boost::archive::binary_oarchive,
              T=boost::serialization::nvp<const Graph::FMTgraph>
          ]
  c:\mrnmicro\applic\boost_1_70_0\boost\serialization\split_member.hpp(69): note: voir la référence à l'instanciation de classe modèle 'boost::serialization::detail::member_saver<Archive,T>' en cours de compilation
          with
          [
              Archive=boost::archive::binary_oarchive,
              T=boost::serialization::nvp<const Graph::FMTgraph>
          ]
  c:\mrnmicro\applic\boost_1_70_0\boost\serialization\nvp.hpp(76): note: voir la référence à l'instanciation de la fonction modèle 'void boost::serialization::split_member<Archive,boost::serialization::nvp<const T>>(Archive &,boost::serialization::nvp<const T> &,const unsigned int)' en cours de compilation
          with
          [
              Archive=boost::archive::binary_oarchive,
              T=Graph::FMTgraph
          ]
  c:\mrnmicro\applic\boost_1_70_0\boost\serialization\access.hpp(116): note: voir la référence à l'instanciation de la fonction modèle 'void boost::serialization::nvp<const T>::serialize<Archive>(Archive &,const unsigned int)' en cours de compilation
          with
          [
              T=Graph::FMTgraph,
              Archive=boost::archive::binary_oarchive
          ]
  c:\mrnmicro\applic\boost_1_70_0\boost\serialization\access.hpp(116): note: voir la référence à l'instanciation de la fonction modèle 'void boost::serialization::nvp<const T>::serialize<Archive>(Archive &,const unsigned int)' en cours de compilation
          with
          [
              T=Graph::FMTgraph,
              Archive=boost::archive::binary_oarchive
          ]
  c:\mrnmicro\applic\boost_1_70_0\boost\serialization\serialization.hpp(68): note: voir la référence à l'instanciation de la fonction modèle 'void boost::serialization::access::serialize<Archive,T>(Archive &,T &,const unsigned int)' en cours de compilation
          with
          [
              Archive=boost::archive::binary_oarchive,
              T=boost::serialization::nvp<const Graph::FMTgraph>
          ]
  c:\mrnmicro\applic\boost_1_70_0\boost\serialization\serialization.hpp(126): note: voir la référence à l'instanciation de la fonction modèle 'void boost::serialization::serialize<Archive,T>(Archive &,T &,const unsigned int)' en cours de compilation
          with
          [
              Archive=boost::archive::binary_oarchive,
              T=boost::serialization::nvp<const Graph::FMTgraph>
          ]
  c:\mrnmicro\applic\boost_1_70_0\boost\archive\detail\oserializer.hpp(250): note: voir la référence à l'instanciation de la fonction modèle 'void boost::serialization::serialize_adl<Archive,T>(Archive &,T &,const unsigned int)' en cours de compilation
          with
          [
              Archive=boost::archive::binary_oarchive,
              T=boost::serialization::nvp<const Graph::FMTgraph>
          ]
  c:\mrnmicro\applic\boost_1_70_0\boost\archive\detail\oserializer.hpp(315): note: voir la référence à l'instanciation de la fonction modèle 'void boost::archive::detail::save_non_pointer_type<Archive>::save_only::invoke<T>(Archive &,const T &)' en cours de compilation
          with
          [
              Archive=boost::archive::binary_oarchive,
              T=boost::serialization::nvp<const Graph::FMTgraph>
          ]
  c:\mrnmicro\applic\boost_1_70_0\boost\archive\detail\oserializer.hpp(315): note: voir la référence à l'instanciation de la fonction modèle 'void boost::archive::detail::save_non_pointer_type<Archive>::save_only::invoke<T>(Archive &,const T &)' en cours de compilation
          with
          [
              Archive=boost::archive::binary_oarchive,
              T=boost::serialization::nvp<const Graph::FMTgraph>
          ]
  c:\mrnmicro\applic\boost_1_70_0\boost\archive\detail\oserializer.hpp(539): note: voir la référence à l'instanciation de la fonction modèle 'void boost::archive::detail::save_non_pointer_type<Archive>::invoke<const T>(Archive &,const T &)' en cours de compilation
          with
          [
              Archive=boost::archive::binary_oarchive,
              T=boost::serialization::nvp<const Graph::FMTgraph>
          ]
  c:\mrnmicro\applic\boost_1_70_0\boost\archive\detail\oserializer.hpp(539): note: voir la référence à l'instanciation de la fonction modèle 'void boost::archive::detail::save_non_pointer_type<Archive>::invoke<const T>(Archive &,const T &)' en cours de compilation
          with
          [
              Archive=boost::archive::binary_oarchive,
              T=boost::serialization::nvp<const Graph::FMTgraph>
          ]
  c:\mrnmicro\applic\boost_1_70_0\boost\archive\detail\common_oarchive.hpp(71): note: voir la référence à l'instanciation de la fonction modèle 'void boost::archive::save<Archive,T>(Archive &,T &)' en cours de compilation
          with
          [
              Archive=boost::archive::binary_oarchive,
              T=boost::serialization::nvp<const Graph::FMTgraph>
          ]
  c:\mrnmicro\applic\boost_1_70_0\boost\archive\basic_binary_oarchive.hpp(80): note: voir la référence à l'instanciation de la fonction modèle 'void boost::archive::detail::common_oarchive<Archive>::save_override<const T>(T &)' en cours de compilation
          with
          [
              Archive=boost::archive::binary_oarchive,
              T=boost::serialization::nvp<const Graph::FMTgraph>
          ]
  c:\mrnmicro\applic\boost_1_70_0\boost\archive\basic_binary_oarchive.hpp(80): note: voir la référence à l'instanciation de la fonction modèle 'void boost::archive::detail::common_oarchive<Archive>::save_override<const T>(T &)' en cours de compilation
          with
          [
              Archive=boost::archive::binary_oarchive,
              T=boost::serialization::nvp<const Graph::FMTgraph>
          ]
  c:\mrnmicro\applic\boost_1_70_0\boost\archive\binary_oarchive_impl.hpp(59): note: voir la référence à l'instanciation de la fonction modèle 'void boost::archive::basic_binary_oarchive<Archive>::save_override<const T>(const T &)' en cours de compilation
          with
          [
              Archive=boost::archive::binary_oarchive,
              T=boost::serialization::nvp<const Graph::FMTgraph>
          ]
  c:\mrnmicro\applic\boost_1_70_0\boost\archive\binary_oarchive_impl.hpp(59): note: voir la référence à l'instanciation de la fonction modèle 'void boost::archive::basic_binary_oarchive<Archive>::save_override<const T>(const T &)' en cours de compilation
          with
          [
              Archive=boost::archive::binary_oarchive,
              T=boost::serialization::nvp<const Graph::FMTgraph>
          ]
  c:\mrnmicro\applic\boost_1_70_0\boost\archive\detail\interface_oarchive.hpp(70): note: voir la référence à l'instanciation de la fonction modèle 'void boost::archive::binary_oarchive_impl<boost::archive::binary_oarchive,char,std::char_traits<char>>::save_override<const T>(T &)' en cours de compilation
          with
          [
              T=boost::serialization::nvp<const Graph::FMTgraph>
          ]
  c:\mrnmicro\applic\boost_1_70_0\boost\archive\detail\interface_oarchive.hpp(70): note: voir la référence à l'instanciation de la fonction modèle 'void boost::archive::binary_oarchive_impl<boost::archive::binary_oarchive,char,std::char_traits<char>>::save_override<const T>(T &)' en cours de compilation
          with
          [
              T=boost::serialization::nvp<const Graph::FMTgraph>
          ]
  c:\users\cyrgu3\source\repos\fmt\fmt\fmtpythonpickle.h(44): note: voir la référence à l'instanciation de la fonction modèle 'Archive &boost::archive::detail::interface_oarchive<Archive>::operator <<<boost::serialization::nvp<const T>>(const boost::serialization::nvp<const T> &)' en cours de compilation
          with
          [
              Archive=boost::archive::binary_oarchive,
              T=Graph::FMTgraph
          ]
  c:\users\cyrgu3\source\repos\fmt\fmt\fmtpythonpickle.h(44): note: voir la référence à l'instanciation de la fonction modèle 'Archive &boost::archive::detail::interface_oarchive<Archive>::operator <<<boost::serialization::nvp<const T>>(const boost::serialization::nvp<const T> &)' en cours de compilation
          with
          [
              Archive=boost::archive::binary_oarchive,
              T=Graph::FMTgraph
          ]
  c:\users\cyrgu3\source\repos\fmt\fmt\fmtpythonpickle.h(40): note: pendant la compilation de la fonction membre '<Inconnu>' (classe <Inconnu>)
  c:\mrnmicro\applic\boost_1_70_0\boost\python\class.hpp(341): note: voir la référence à l'instanciation de la fonction modèle 'boost::python::api::object Python::FMT_pickle_suite<Graph::FMTgraph>::getstate(const T &)' en cours de compilation
          with
          [
              T=Graph::FMTgraph
          ]
  c:\users\cyrgu3\source\repos\fmt\fmt\pyexportgraph.h(59): note: voir la référence à l'instanciation de classe modèle 'Python::FMT_pickle_suite<Graph::FMTgraph>' en cours de compilation
c:\mrnmicro\applic\boost_1_70_0\boost\graph\adj_list_serialize.hpp(46): warning C4267: 'initialisation' : conversion de 'size_t' en 'int', perte possible de données
     Création de la bibliothèque C:\Users\cyrgu3\source\repos\FMT\x64\Release\FMT.lib et de l'objet C:\Users\cyrgu3\source\repos\FMT\x64\Release\FMT.exp
  Génération de code en cours
  2 of 64745 functions (<0.1%) were compiled, the rest were copied from previous compilation.
    0 functions were new in current compilation
    160 functions had inline decision re-evaluated but remain unchanged
  Fin de la génération du code
  FMT.vcxproj -> C:\Users\cyrgu3\source\repos\FMT\x64\Release\FMT.pyd
