c:\users\cyrgu3\source\repos\fmt\fmt\x64\release\vc141.pdb
c:\users\cyrgu3\source\repos\fmt\fmt\x64\release\fmtevent.obj
c:\users\cyrgu3\source\repos\fmt\fmt\x64\release\fmterror.obj
c:\users\cyrgu3\source\repos\fmt\fmt\x64\release\fmtedgeproperties.obj
c:\users\cyrgu3\source\repos\fmt\fmt\x64\release\fmtdisturbancestack.obj
c:\users\cyrgu3\source\repos\fmt\fmt\x64\release\fmtdevelopmentpath.obj
c:\users\cyrgu3\source\repos\fmt\fmt\x64\release\fmtdevelopment.obj
c:\users\cyrgu3\source\repos\fmt\fmt\x64\release\fmtdefaultlogger.obj
c:\users\cyrgu3\source\repos\fmt\fmt\x64\release\fmtdefaultexceptionhandler.obj
c:\users\cyrgu3\source\repos\fmt\fmt\x64\release\fmtdebuglogger.obj
c:\users\cyrgu3\source\repos\fmt\fmt\x64\release\fmtdebugexceptionhandler.obj
c:\users\cyrgu3\source\repos\fmt\fmt\x64\release\fmtdata.obj
c:\users\cyrgu3\source\repos\fmt\fmt\x64\release\fmtcut.obj
c:\users\cyrgu3\source\repos\fmt\fmt\x64\release\fmtcore.obj
c:\users\cyrgu3\source\repos\fmt\fmt\x64\release\fmtcoordinate.obj
c:\users\cyrgu3\source\repos\fmt\fmt\x64\release\fmtconstraint.obj
c:\users\cyrgu3\source\repos\fmt\fmt\x64\release\fmtconstants.obj
c:\users\cyrgu3\source\repos\fmt\fmt\x64\release\fmtbounds.obj
c:\users\cyrgu3\source\repos\fmt\fmt\x64\release\fmtactualdevelopment.obj
c:\users\cyrgu3\source\repos\fmt\fmt\x64\release\fmtaction.obj
c:\users\cyrgu3\source\repos\fmt\fmt\x64\release\osimsksolverinterface.obj
c:\users\cyrgu3\source\repos\fmt\fmt\x64\release\fmtmatrixbuild.obj
c:\users\cyrgu3\source\repos\fmt\fmt\x64\release\fmtmaskfilter.obj
c:\users\cyrgu3\source\repos\fmt\fmt\x64\release\fmtmask.obj
c:\users\cyrgu3\source\repos\fmt\fmt\x64\release\fmtlogger.obj
c:\users\cyrgu3\source\repos\fmt\fmt\x64\release\fmtlist.obj
c:\users\cyrgu3\source\repos\fmt\fmt\x64\release\fmtlinegraph.obj
c:\users\cyrgu3\source\repos\fmt\fmt\x64\release\fmtlifespans.obj
c:\users\cyrgu3\source\repos\fmt\fmt\x64\release\fmtlayer.obj
c:\users\cyrgu3\source\repos\fmt\fmt\x64\release\fmtgraphstats.obj
c:\users\cyrgu3\source\repos\fmt\fmt\x64\release\fmtgraphdescription.obj
c:\users\cyrgu3\source\repos\fmt\fmt\x64\release\fmtgraph.obj
c:\users\cyrgu3\source\repos\fmt\fmt\x64\release\fmtgcbmtransition.obj
c:\users\cyrgu3\source\repos\fmt\fmt\x64\release\fmtfuturdevelopment.obj
c:\users\cyrgu3\source\repos\fmt\fmt\x64\release\fmtfunctioncall.obj
c:\users\cyrgu3\source\repos\fmt\fmt\x64\release\fmtfreeexceptionhandler.obj
c:\users\cyrgu3\source\repos\fmt\fmt\x64\release\fmtfork.obj
c:\users\cyrgu3\source\repos\fmt\fmt\x64\release\fmtforest.obj
c:\users\cyrgu3\source\repos\fmt\fmt\x64\release\fmtexpression.obj
c:\users\cyrgu3\source\repos\fmt\fmt\x64\release\fmtexceptionhandler.obj
c:\users\cyrgu3\source\repos\fmt\fmt\x64\release\fmtexception.obj
c:\users\cyrgu3\source\repos\fmt\fmt\x64\release\fmttransitionmask.obj
c:\users\cyrgu3\source\repos\fmt\fmt\x64\release\fmtsolverinterface.obj
c:\users\cyrgu3\source\repos\fmt\fmt\x64\release\fmtlpsolver.obj
c:\users\cyrgu3\source\repos\fmt\fmt\x64\release\fmtserializablematrix.obj
c:\users\cyrgu3\source\repos\fmt\fmt\x64\release\fmtsasolution.obj
c:\users\cyrgu3\source\repos\fmt\fmt\x64\release\fmtsaschedule.obj
c:\users\cyrgu3\source\repos\fmt\fmt\x64\release\fmtsamodel.obj
c:\users\cyrgu3\source\repos\fmt\fmt\x64\release\fmtsaeventcontainer.obj
c:\users\cyrgu3\source\repos\fmt\fmt\x64\release\fmtsaevent.obj
c:\users\cyrgu3\source\repos\fmt\fmt\x64\release\fmtquietlogger.obj
c:\users\cyrgu3\source\repos\fmt\fmt\x64\release\fmtquietexceptionhandler.obj
c:\users\cyrgu3\source\repos\fmt\fmt\x64\release\fmtoutputnodecache.obj
c:\users\cyrgu3\source\repos\fmt\fmt\x64\release\fmtoutputnode.obj
c:\users\cyrgu3\source\repos\fmt\fmt\x64\release\fmtlpmodel.obj
c:\users\cyrgu3\source\repos\fmt\fmt\x64\release\fmtoptimizationparser.obj
c:\users\cyrgu3\source\repos\fmt\fmt\x64\release\fmtoperatingareaheuristic.obj
c:\users\cyrgu3\source\repos\fmt\fmt\x64\release\fmtoperatingarea.obj
c:\users\cyrgu3\source\repos\fmt\fmt\x64\release\fmtobject.obj
c:\users\cyrgu3\source\repos\fmt\fmt\x64\release\fmtnssmodel.obj
c:\users\cyrgu3\source\repos\fmt\fmt\x64\release\fmtmodelstats.obj
c:\users\cyrgu3\source\repos\fmt\fmt\x64\release\fmttransitionparser.obj
c:\users\cyrgu3\source\repos\fmt\fmt\x64\release\fmtscheduleparser.obj
c:\users\cyrgu3\source\repos\fmt\fmt\x64\release\fmtoutputparser.obj
c:\users\cyrgu3\source\repos\fmt\fmt\x64\release\fmtmodelparser.obj
c:\users\cyrgu3\source\repos\fmt\fmt\x64\release\fmtlifespanparser.obj
c:\users\cyrgu3\source\repos\fmt\fmt\x64\release\fmtlandscapeparser.obj
c:\users\cyrgu3\source\repos\fmt\fmt\x64\release\fmtconstantparser.obj
c:\users\cyrgu3\source\repos\fmt\fmt\x64\release\fmtareaparser.obj
c:\users\cyrgu3\source\repos\fmt\fmt\x64\release\fmtactionparser.obj
c:\users\cyrgu3\source\repos\fmt\fmt\x64\release\fmtutility.obj
c:\users\cyrgu3\source\repos\fmt\fmt\x64\release\fmttransition.obj
c:\users\cyrgu3\source\repos\fmt\fmt\x64\release\fmttheme.obj
c:\users\cyrgu3\source\repos\fmt\fmt\x64\release\fmtspatialaction.obj
c:\users\cyrgu3\source\repos\fmt\fmt\x64\release\fmtsesmodel.obj
c:\users\cyrgu3\source\repos\fmt\fmt\x64\release\fmtschedule.obj
c:\users\cyrgu3\source\repos\fmt\fmt\x64\release\fmtparser.obj
c:\users\cyrgu3\source\repos\fmt\fmt\x64\release\fmtoutput.obj
c:\users\cyrgu3\source\repos\fmt\fmt\x64\release\fmtoutputsource.obj
c:\users\cyrgu3\source\repos\fmt\fmt\x64\release\fmtoperator.obj
c:\users\cyrgu3\source\repos\fmt\fmt\x64\release\fmtmodel.obj
c:\users\cyrgu3\source\repos\fmt\fmt\x64\release\pyexportexceptions.obj
c:\users\cyrgu3\source\repos\fmt\fmt\x64\release\fmtvertexproperties.obj
c:\users\cyrgu3\source\repos\fmt\fmt\x64\release\main.obj
c:\users\cyrgu3\source\repos\fmt\fmt\x64\release\fmtyieldhandler.obj
c:\users\cyrgu3\source\repos\fmt\fmt\x64\release\fmtyields.obj
c:\users\cyrgu3\source\repos\fmt\fmt\x64\release\fmtyieldparser.obj
c:\users\cyrgu3\source\repos\fmt\fmt\x64\release\fmtwarning.obj
c:\users\cyrgu3\source\repos\fmt\fmt\x64\release\fmtversion.obj
c:\users\cyrgu3\source\repos\fmt\x64\release\fmt.lib
c:\users\cyrgu3\source\repos\fmt\x64\release\fmt.exp
c:\users\cyrgu3\source\repos\fmt\x64\release\fmt.ipdb
c:\users\cyrgu3\source\repos\fmt\x64\release\fmt.iobj
c:\users\cyrgu3\source\repos\fmt\x64\release\fmt.pyd
c:\users\cyrgu3\source\repos\fmt\x64\release\fmt.pdb
c:\users\cyrgu3\source\repos\fmt\fmt\x64\release\fmt.res
c:\users\cyrgu3\source\repos\fmt\fmt\x64\release\fmt.tlog\cl.command.1.tlog
c:\users\cyrgu3\source\repos\fmt\fmt\x64\release\fmt.tlog\cl.read.1.tlog
c:\users\cyrgu3\source\repos\fmt\fmt\x64\release\fmt.tlog\cl.write.1.tlog
c:\users\cyrgu3\source\repos\fmt\fmt\x64\release\fmt.tlog\fmt.write.1u.tlog
c:\users\cyrgu3\source\repos\fmt\fmt\x64\release\fmt.tlog\link.command.1.tlog
c:\users\cyrgu3\source\repos\fmt\fmt\x64\release\fmt.tlog\link.read.1.tlog
c:\users\cyrgu3\source\repos\fmt\fmt\x64\release\fmt.tlog\link.write.1.tlog
c:\users\cyrgu3\source\repos\fmt\fmt\x64\release\fmt.tlog\rc.command.1.tlog
c:\users\cyrgu3\source\repos\fmt\fmt\x64\release\fmt.tlog\rc.read.1.tlog
c:\users\cyrgu3\source\repos\fmt\fmt\x64\release\fmt.tlog\rc.write.1.tlog
