The system is: Windows - 6.2.9200 - AMD64
Compiling the C compiler identification source file "CMakeCCompilerId.c" succeeded.
Compiler:  
Build flags: 
Id flags:  

The output was:
0
Version MSBuild 17.7.2+d6990bcfa pour .NET Framework
La génération a démarré 2023-12-13 15:32:33.

Projet "D:\FMT\Excel\build\release\CMakeFiles\3.24.3\CompilerIdC\CompilerIdC.vcxproj" sur le noud 1 (cibles par défaut).
PrepareForBuild:
  Création du répertoire "Debug\".
  Création du répertoire "Debug\CompilerIdC.tlog\".
InitializeBuildStatus:
  Création de "Debug\CompilerIdC.tlog\unsuccessfulbuild", car "AlwaysCreate" a été spécifié.
  Mise à jour de l'horodatage "Debug\CompilerIdC.tlog\unsuccessfulbuild".
ClCompile:
  C:\Program Files\Microsoft Visual Studio\2022\Professional\VC\Tools\MSVC\14.37.32822\bin\HostX64\x64\CL.exe /c /nologo /W0 /WX- /diagnostics:column /Od /D _MBCS /Gm- /EHsc /RTC1 /MDd /GS /fp:precise /Zc:wchar_t /Zc:forScope /Zc:inline /Fo"Debug\\" /Fd"Debug\vc143.pdb" /external:W0 /Gd /TC /FC /errorReport:queue CMakeCCompilerId.c
  CMakeCCompilerId.c
Link:
  C:\Program Files\Microsoft Visual Studio\2022\Professional\VC\Tools\MSVC\14.37.32822\bin\HostX64\x64\link.exe /ERRORREPORT:QUEUE /OUT:".\CompilerIdC.exe" /INCREMENTAL:NO /NOLOGO kernel32.lib user32.lib gdi32.lib winspool.lib comdlg32.lib advapi32.lib shell32.lib ole32.lib oleaut32.lib uuid.lib odbc32.lib odbccp32.lib /MANIFEST /MANIFESTUAC:"level='asInvoker' uiAccess='false'" /manifest:embed /PDB:".\CompilerIdC.pdb" /SUBSYSTEM:CONSOLE /TLBID:1 /DYNAMICBASE /NXCOMPAT /IMPLIB:".\CompilerIdC.lib" /MACHINE:X64 Debug\CMakeCCompilerId.obj
  CompilerIdC.vcxproj -> D:\FMT\Excel\build\release\CMakeFiles\3.24.3\CompilerIdC\CompilerIdC.exe
PostBuildEvent:
  for %%i in (cl.exe) do @echo CMAKE_C_COMPILER=%%~$PATH:i
  :VCEnd
  CMAKE_C_COMPILER=C:\Program Files\Microsoft Visual Studio\2022\Professional\VC\Tools\MSVC\14.37.32822\bin\Hostx64\x64\cl.exe
FinalizeBuildStatus:
  Suppression du fichier "Debug\CompilerIdC.tlog\unsuccessfulbuild".
  Mise à jour de l'horodatage "Debug\CompilerIdC.tlog\CompilerIdC.lastbuildstate".
Génération du projet "D:\FMT\Excel\build\release\CMakeFiles\3.24.3\CompilerIdC\CompilerIdC.vcxproj" terminée (cibles par défaut).

La génération a réussi.
    0 Avertissement(s)
    0 Erreur(s)

Temps écoulé 00:00:01.01


Compilation of the C compiler identification source "CMakeCCompilerId.c" produced "CompilerIdC.exe"

Compilation of the C compiler identification source "CMakeCCompilerId.c" produced "CompilerIdC.vcxproj"

The C compiler identification is MSVC, found in "D:/FMT/Excel/build/release/CMakeFiles/3.24.3/CompilerIdC/CompilerIdC.exe"

Compiling the CXX compiler identification source file "CMakeCXXCompilerId.cpp" succeeded.
Compiler:  
Build flags: 
Id flags:  

The output was:
0
Version MSBuild 17.7.2+d6990bcfa pour .NET Framework
La génération a démarré 2023-12-13 15:32:35.

Projet "D:\FMT\Excel\build\release\CMakeFiles\3.24.3\CompilerIdCXX\CompilerIdCXX.vcxproj" sur le noud 1 (cibles par défaut).
PrepareForBuild:
  Création du répertoire "Debug\".
  Création du répertoire "Debug\CompilerIdCXX.tlog\".
InitializeBuildStatus:
  Création de "Debug\CompilerIdCXX.tlog\unsuccessfulbuild", car "AlwaysCreate" a été spécifié.
  Mise à jour de l'horodatage "Debug\CompilerIdCXX.tlog\unsuccessfulbuild".
ClCompile:
  C:\Program Files\Microsoft Visual Studio\2022\Professional\VC\Tools\MSVC\14.37.32822\bin\HostX64\x64\CL.exe /c /nologo /W0 /WX- /diagnostics:column /Od /D _MBCS /Gm- /EHsc /RTC1 /MDd /GS /fp:precise /Zc:wchar_t /Zc:forScope /Zc:inline /Fo"Debug\\" /Fd"Debug\vc143.pdb" /external:W0 /Gd /TP /FC /errorReport:queue CMakeCXXCompilerId.cpp
  CMakeCXXCompilerId.cpp
Link:
  C:\Program Files\Microsoft Visual Studio\2022\Professional\VC\Tools\MSVC\14.37.32822\bin\HostX64\x64\link.exe /ERRORREPORT:QUEUE /OUT:".\CompilerIdCXX.exe" /INCREMENTAL:NO /NOLOGO kernel32.lib user32.lib gdi32.lib winspool.lib comdlg32.lib advapi32.lib shell32.lib ole32.lib oleaut32.lib uuid.lib odbc32.lib odbccp32.lib /MANIFEST /MANIFESTUAC:"level='asInvoker' uiAccess='false'" /manifest:embed /PDB:".\CompilerIdCXX.pdb" /SUBSYSTEM:CONSOLE /TLBID:1 /DYNAMICBASE /NXCOMPAT /IMPLIB:".\CompilerIdCXX.lib" /MACHINE:X64 Debug\CMakeCXXCompilerId.obj
  CompilerIdCXX.vcxproj -> D:\FMT\Excel\build\release\CMakeFiles\3.24.3\CompilerIdCXX\CompilerIdCXX.exe
PostBuildEvent:
  for %%i in (cl.exe) do @echo CMAKE_CXX_COMPILER=%%~$PATH:i
  :VCEnd
  CMAKE_CXX_COMPILER=C:\Program Files\Microsoft Visual Studio\2022\Professional\VC\Tools\MSVC\14.37.32822\bin\Hostx64\x64\cl.exe
FinalizeBuildStatus:
  Suppression du fichier "Debug\CompilerIdCXX.tlog\unsuccessfulbuild".
  Mise à jour de l'horodatage "Debug\CompilerIdCXX.tlog\CompilerIdCXX.lastbuildstate".
Génération du projet "D:\FMT\Excel\build\release\CMakeFiles\3.24.3\CompilerIdCXX\CompilerIdCXX.vcxproj" terminée (cibles par défaut).

La génération a réussi.
    0 Avertissement(s)
    0 Erreur(s)

Temps écoulé 00:00:00.88


Compilation of the CXX compiler identification source "CMakeCXXCompilerId.cpp" produced "CompilerIdCXX.exe"

Compilation of the CXX compiler identification source "CMakeCXXCompilerId.cpp" produced "CompilerIdCXX.vcxproj"

The CXX compiler identification is MSVC, found in "D:/FMT/Excel/build/release/CMakeFiles/3.24.3/CompilerIdCXX/CompilerIdCXX.exe"

Detecting C compiler ABI info compiled with the following output:
Change Dir: D:/FMT/Excel/build/release/CMakeFiles/CMakeTmp

Run Build Command(s):C:/Program Files/Microsoft Visual Studio/2022/Professional/MSBuild/Current/Bin/amd64/MSBuild.exe cmTC_16577.vcxproj /p:Configuration=Debug /p:Platform=x64 /p:VisualStudioVersion=17.0 /v:m && Version MSBuild 17.7.2+d6990bcfa pour .NET Framework

  Compilateur d'optimisation Microsoft (R) C/C++ version 19.37.32825 pour x64
  CMakeCCompilerABI.c
  Copyright (C) Microsoft Corporation. Tous droits réservés.
  cl /c /Zi /W3 /WX- /diagnostics:column /Od /Ob0 /D _MBCS /D WIN32 /D _WINDOWS /D "CMAKE_INTDIR=\"Debug\"" /Gm- /RTC1 /MDd /GS /fp:precise /Zc:wchar_t /Zc:forScope /Zc:inline /Fo"cmTC_16577.dir\Debug\\" /Fd"cmTC_16577.dir\Debug\vc143.pdb" /external:W3 /Gd /TC /errorReport:queue "C:\Logiciels\Rtools43\x86_64-w64-mingw32.static.posix\share\cmake-3.24.3\Modules\CMakeCCompilerABI.c"
  cmTC_16577.vcxproj -> D:\FMT\Excel\build\release\CMakeFiles\CMakeTmp\Debug\cmTC_16577.exe



